<div id='container' style='width: 98%; padding: 10px; margin: 0; background: #EBEBE0; color: #717171; font-family: Calibri;'><div id='summary'><h2 align='center' style='background-color: gray; color: white; padding: 10px; margin: 0;'>FAILED: Default Suite (temp-testng-customsuite.xml) - DEMO ( chrome)</h2><br><h2 style='clear: both; margin: 0;'>Summary:</h2><hr/><table style='width: 1000px;'><tr><td style='width: 100px;'>Environment:</td><td>DEMO - <a href='https://www.gsmarena.com'>https://www.gsmarena.com</a></td></tr><tr><td>Version:</td><td></td></tr><tr><td>Browser:</td><td>chrome</td></tr><tr><td>Finished:</td><td>15:06:10 2023-07-25</td></tr><tr class='pass' style='color: #66C266;'><td>Passed: </td><td>0</td></tr><tr class='fail' style='color: #FF5C33;'><td>Failed:</td><td>9</td></tr><tr class='skip' style='color: #FFD700;'><td>Skipped:</td><td>0</td></tr><tr><td>Success rate:</td><td>0%</td></tr></table></div><br><br><div id='results'><h2 style='margin: 0;'>Test results:</h2><hr/><table cellspacing='0' cellpadding='0' style='width: 100%;'><tr><th width='10%' align='center'>Result</th><th width='75%'>Test name</th><th width='10%'>Test files</th></tr><tr><td colspan='4' class='package' style='background: gray; border-style: solid; border-width: 1px; border-color: white; padding: 5px; color: white;'>com.solvd.web.amazon</td></tr><tr class='fail' style='background: #FF5C33;'><td align='center' style='border-style: solid; border-width: 1px; border-color: white; padding: 5px; color: white;'>FAILED</td><td style='border-style: solid; border-width: 1px; border-color: white; padding: 5px; color: white;'><span>carina-qa - signInWithValidCredentials</span><div style="background:#ffcccc; color: black; padding: 5px; margin: 2px 0px 2px 0px;">Could not start a new session. Possible causes are invalid address of the remote server or browser start-up failure. <br/>Host info: host: 'Payals-MBP.lan', ip: 'fd00:87b:125d:eb0e:ccc:786b:b946:8b27%en0'<br/>Build info: version: '4.7.2', revision: '4d4020c3b7'<br/>System info: os.name: 'Mac OS X', os.arch: 'x86_64', os.version: '12.6.7', java.version: '20.0.1'<br/>Driver info: org.openqa.selenium.remote.RemoteWebDriver<br/>Command: [null, newSession {capabilities=[Capabilities {acceptInsecureCerts: true, browserName: chrome, goog:chromeOptions: {args: [--test-type, --start-maximized, --ignore-ssl-errors], extensions: []}}], desiredCapabilities=Capabilities {acceptInsecureCerts: true, browserName: chrome, goog:chromeOptions: {args: [--test-type, --start-maximized, --ignore-ssl-errors], extensions: []}}}]<br/>Capabilities {}<br/><br/>org.openqa.selenium.remote.RemoteWebDriver.execute(RemoteWebDriver.java:553)<br/>org.openqa.selenium.remote.RemoteWebDriver.startSession$original$BvgV8sWu(RemoteWebDriver.java:228)<br/>org.openqa.selenium.remote.RemoteWebDriver.startSession$original$BvgV8sWu$accessor$h7HYsMZt(RemoteWebDriver.java)<br/>org.openqa.selenium.remote.RemoteWebDriver$auxiliary$brrTwdkj.run(Unknown Source)<br/>com.zebrunner.agent.core.webdriver.StartSessionInterceptor.onSessionStart(StartSessionInterceptor.java:42)<br/>org.openqa.selenium.remote.RemoteWebDriver.startSession(RemoteWebDriver.java)<br/>org.openqa.selenium.remote.RemoteWebDriver.&lt;init&gt;(RemoteWebDriver.java:156)<br/>com.zebrunner.carina.webdriver.core.factory.impl.DesktopFactory.create(DesktopFactory.java:85)<br/>com.zebrunner.carina.webdriver.core.factory.DriverFactory.create(DriverFactory.java:87)<br/>com.zebrunner.carina.webdriver.IDriverPool.createDriver(IDriverPool.java:364)<br/>com.zebrunner.carina.webdriver.IDriverPool.getDriver(IDriverPool.java:117)<br/>com.zebrunner.carina.webdriver.IDriverPool.getDriver(IDriverPool.java:80)<br/>com.zebrunner.carina.webdriver.IDriverPool.getDriver(IDriverPool.java:68)<br/>com.solvd.web.amazon.AmazonTest.signInWithValidCredentials(AmazonTest.java:16)<br/>java.base/jdk.internal.reflect.DirectM...</div></td><td align='center' style='border-style: solid; border-width: 1px; border-color: white; padding: 5px; color: white;'><a target='_blank' href='file:///Users/payalmokal/Documents/GitHub/carina-project1/carina-qa/./reports/1690311967430/c105e3d4-47a7-4b15-a036-53e3d0d162c9/test.log' style='color: white;'>Logs</a></td></tr><tr><td colspan='4' class='package' style='background: gray; border-style: solid; border-width: 1px; border-color: white; padding: 5px; color: white;'>com.zebrunner.carina.core</td></tr><tr class='fail' style='background: #FF5C33;'><td align='center' style='border-style: solid; border-width: 1px; border-color: white; padding: 5px; color: white;'>FAILED</td><td style='border-style: solid; border-width: 1px; border-color: white; padding: 5px; color: white;'><span>carina-qa - pause</span><div style="background:#ffcccc; color: black; padding: 5px; margin: 2px 0px 2px 0px;"><br/>Cannot inject @Test annotated Method [pause] with [long].<br/>For more information on native dependency injection please refer to https://testng.org/doc/documentation-main.html#native-dependency-injection<br/><br/>org.testng.internal.Parameters.checkParameterTypes(Parameters.java:436)<br/>org.testng.internal.Parameters.createParametersForMethod(Parameters.java:350)<br/>org.testng.internal.Parameters.createParameters(Parameters.java:693)<br/>org.testng.internal.Parameters.handleParameters(Parameters.java:879)<br/>org.testng.internal.Parameters.handleParameters(Parameters.java:728)<br/>org.testng.internal.invokers.ParameterHandler.handleParameters(ParameterHandler.java:72)<br/>org.testng.internal.invokers.ParameterHandler.createParameters(ParameterHandler.java:51)<br/>org.testng.internal.invokers.TestInvoker$MethodInvocationAgent.invoke(TestInvoker.java:911)<br/>org.testng.internal.invokers.TestInvoker.invokeTestMethods(TestInvoker.java:200)<br/>org.testng.internal.invokers.TestMethodWorker.invokeTestMethods(TestMethodWorker.java:148)<br/>org.testng.internal.invokers.TestMethodWorker.run(TestMethodWorker.java:128)<br/>java.base/java.util.ArrayList.forEach(ArrayList.java:1511)<br/>org.testng.TestRunner.privateRun(TestRunner.java:848)<br/>org.testng.TestRunner.run(TestRunner.java:621)<br/>org.testng.SuiteRunner.runTest(SuiteRunner.java:443)<br/>org.testng.SuiteRunner.runSequentially(SuiteRunner.java:437)<br/>org.testng.SuiteRunner.privateRun(SuiteRunner.java:397)<br/>org.testng.SuiteRunner.run(SuiteRunner.java:336)<br/>org.testng.SuiteRunnerWorker.runSuite(SuiteRunnerWorker.java:52)<br/>org.testng.SuiteRunnerWorker.run(SuiteRunnerWorker.java:95)<br/>org.testng.TestNG.runSuitesSequentially(TestNG.java:1280)<br/>org.testng.TestNG.runSuitesLocally(TestNG.java:1200)<br/>org.testng.TestNG.runSuites(TestNG.java:1114)<br/>org.testng.TestNG.run(TestNG.java:1082)<br/>com.intellij.rt.testng.IDEARemoteTestNG.run(IDEARemoteTestNG.java:66)<br/>com.intellij.rt.testng.RemoteTestNGStarter.main(RemoteTestNGStarter.java:105)</div></td><td align='center' style='border-style: solid; border-width: 1px; border-color: white; padding: 5px; color: white;'><a target='_blank' href='file:///Users/payalmokal/Documents/GitHub/carina-project1/carina-qa/./reports/1690311967430/1690311967430/test.log' style='color: white;'>Logs</a></td></tr><tr class='fail' style='background: #FF5C33;'><td align='center' style='border-style: solid; border-width: 1px; border-color: white; padding: 5px; color: white;'>FAILED</td><td style='border-style: solid; border-width: 1px; border-color: white; padding: 5px; color: white;'><span>carina-qa - skipExecution</span><div style="background:#ffcccc; color: black; padding: 5px; margin: 2px 0px 2px 0px;"><br/>Cannot inject @Test annotated Method [skipExecution] with [class java.lang.String].<br/>For more information on native dependency injection please refer to https://testng.org/doc/documentation-main.html#native-dependency-injection<br/><br/>org.testng.internal.Parameters.checkParameterTypes(Parameters.java:436)<br/>org.testng.internal.Parameters.createParametersForMethod(Parameters.java:350)<br/>org.testng.internal.Parameters.createParameters(Parameters.java:693)<br/>org.testng.internal.Parameters.handleParameters(Parameters.java:879)<br/>org.testng.internal.Parameters.handleParameters(Parameters.java:728)<br/>org.testng.internal.invokers.ParameterHandler.handleParameters(ParameterHandler.java:72)<br/>org.testng.internal.invokers.ParameterHandler.createParameters(ParameterHandler.java:51)<br/>org.testng.internal.invokers.TestInvoker$MethodInvocationAgent.invoke(TestInvoker.java:911)<br/>org.testng.internal.invokers.TestInvoker.invokeTestMethods(TestInvoker.java:200)<br/>org.testng.internal.invokers.TestMethodWorker.invokeTestMethods(TestMethodWorker.java:148)<br/>org.testng.internal.invokers.TestMethodWorker.run(TestMethodWorker.java:128)<br/>java.base/java.util.ArrayList.forEach(ArrayList.java:1511)<br/>org.testng.TestRunner.privateRun(TestRunner.java:848)<br/>org.testng.TestRunner.run(TestRunner.java:621)<br/>org.testng.SuiteRunner.runTest(SuiteRunner.java:443)<br/>org.testng.SuiteRunner.runSequentially(SuiteRunner.java:437)<br/>org.testng.SuiteRunner.privateRun(SuiteRunner.java:397)<br/>org.testng.SuiteRunner.run(SuiteRunner.java:336)<br/>org.testng.SuiteRunnerWorker.runSuite(SuiteRunnerWorker.java:52)<br/>org.testng.SuiteRunnerWorker.run(SuiteRunnerWorker.java:95)<br/>org.testng.TestNG.runSuitesSequentially(TestNG.java:1280)<br/>org.testng.TestNG.runSuitesLocally(TestNG.java:1200)<br/>org.testng.TestNG.runSuites(TestNG.java:1114)<br/>org.testng.TestNG.run(TestNG.java:1082)<br/>com.intellij.rt.testng.IDEARemoteTestNG.run(IDEARemoteTestNG.java:66)<br/>com.intellij.rt.testng.RemoteTestNGStarter.main(RemoteTestNGStarter.java:105)</div></td><td align='center' style='border-style: solid; border-width: 1px; border-color: white; padding: 5px; color: white;'><a target='_blank' href='file:///Users/payalmokal/Documents/GitHub/carina-project1/carina-qa/./reports/1690311967430/1690311967430/test.log' style='color: white;'>Logs</a></td></tr><tr><td colspan='4' class='package' style='background: gray; border-style: solid; border-width: 1px; border-color: white; padding: 5px; color: white;'>com.zebrunner.carina.core.report.testrail</td></tr><tr class='fail' style='background: #FF5C33;'><td align='center' style='border-style: solid; border-width: 1px; border-color: white; padding: 5px; color: white;'>FAILED</td><td style='border-style: solid; border-width: 1px; border-color: white; padding: 5px; color: white;'><span>carina-qa - clearCases</span><div style="background:#ffcccc; color: black; padding: 5px; margin: 2px 0px 2px 0px;">Cannot invoke &quot;Object.equals(Object)&quot; because &quot;this.m_retryAnalyzerClass&quot; is null<br/><br/>org.testng.internal.BaseTestMethod.getRetryAnalyzerConsideringMethodParameters(BaseTestMethod.java:813)<br/>org.testng.internal.BaseTestMethod.getRetryAnalyzer(BaseTestMethod.java:681)<br/>org.testng.internal.invokers.TestInvoker.shouldRetryTestMethod(TestInvoker.java:549)<br/>org.testng.internal.invokers.TestInvoker.invokeMethod(TestInvoker.java:726)<br/>org.testng.internal.invokers.TestInvoker.invokeTestMethod(TestInvoker.java:227)<br/>org.testng.internal.invokers.MethodRunner.runInSequence(MethodRunner.java:50)<br/>org.testng.internal.invokers.TestInvoker$MethodInvocationAgent.invoke(TestInvoker.java:957)<br/>org.testng.internal.invokers.TestInvoker.invokeTestMethods(TestInvoker.java:200)<br/>org.testng.internal.invokers.TestMethodWorker.invokeTestMethods(TestMethodWorker.java:148)<br/>org.testng.internal.invokers.TestMethodWorker.run(TestMethodWorker.java:128)<br/>java.base/java.util.ArrayList.forEach(ArrayList.java:1511)<br/>org.testng.TestRunner.privateRun(TestRunner.java:848)<br/>org.testng.TestRunner.run(TestRunner.java:621)<br/>org.testng.SuiteRunner.runTest(SuiteRunner.java:443)<br/>org.testng.SuiteRunner.runSequentially(SuiteRunner.java:437)<br/>org.testng.SuiteRunner.privateRun(SuiteRunner.java:397)<br/>org.testng.SuiteRunner.run(SuiteRunner.java:336)<br/>org.testng.SuiteRunnerWorker.runSuite(SuiteRunnerWorker.java:52)<br/>org.testng.SuiteRunnerWorker.run(SuiteRunnerWorker.java:95)<br/>org.testng.TestNG.runSuitesSequentially(TestNG.java:1280)<br/>org.testng.TestNG.runSuitesLocally(TestNG.java:1200)<br/>org.testng.TestNG.runSuites(TestNG.java:1114)<br/>org.testng.TestNG.run(TestNG.java:1082)<br/>com.intellij.rt.testng.IDEARemoteTestNG.run(IDEARemoteTestNG.java:66)<br/>com.intellij.rt.testng.RemoteTestNGStarter.main(RemoteTestNGStarter.java:105)</div></td><td align='center' style='border-style: solid; border-width: 1px; border-color: white; padding: 5px; color: white;'><a target='_blank' href='file:///Users/payalmokal/Documents/GitHub/carina-project1/carina-qa/./reports/1690311967430/8d57adf1-c941-49af-9bdb-519eb2612b50/test.log' style='color: white;'>Logs</a></td></tr><tr class='fail' style='background: #FF5C33;'><td align='center' style='border-style: solid; border-width: 1px; border-color: white; padding: 5px; color: white;'>FAILED</td><td style='border-style: solid; border-width: 1px; border-color: white; padding: 5px; color: white;'><span>carina-qa - setCases</span><div style="background:#ffcccc; color: black; padding: 5px; margin: 2px 0px 2px 0px;"><br/>Cannot inject @Test annotated Method [setCases] with [class [Ljava.lang.String;].<br/>For more information on native dependency injection please refer to https://testng.org/doc/documentation-main.html#native-dependency-injection<br/><br/>org.testng.internal.Parameters.checkParameterTypes(Parameters.java:436)<br/>org.testng.internal.Parameters.createParametersForMethod(Parameters.java:350)<br/>org.testng.internal.Parameters.createParameters(Parameters.java:693)<br/>org.testng.internal.Parameters.handleParameters(Parameters.java:879)<br/>org.testng.internal.Parameters.handleParameters(Parameters.java:728)<br/>org.testng.internal.invokers.ParameterHandler.handleParameters(ParameterHandler.java:72)<br/>org.testng.internal.invokers.ParameterHandler.createParameters(ParameterHandler.java:51)<br/>org.testng.internal.invokers.TestInvoker$MethodInvocationAgent.invoke(TestInvoker.java:911)<br/>org.testng.internal.invokers.TestInvoker.invokeTestMethods(TestInvoker.java:200)<br/>org.testng.internal.invokers.TestMethodWorker.invokeTestMethods(TestMethodWorker.java:148)<br/>org.testng.internal.invokers.TestMethodWorker.run(TestMethodWorker.java:128)<br/>java.base/java.util.ArrayList.forEach(ArrayList.java:1511)<br/>org.testng.TestRunner.privateRun(TestRunner.java:848)<br/>org.testng.TestRunner.run(TestRunner.java:621)<br/>org.testng.SuiteRunner.runTest(SuiteRunner.java:443)<br/>org.testng.SuiteRunner.runSequentially(SuiteRunner.java:437)<br/>org.testng.SuiteRunner.privateRun(SuiteRunner.java:397)<br/>org.testng.SuiteRunner.run(SuiteRunner.java:336)<br/>org.testng.SuiteRunnerWorker.runSuite(SuiteRunnerWorker.java:52)<br/>org.testng.SuiteRunnerWorker.run(SuiteRunnerWorker.java:95)<br/>org.testng.TestNG.runSuitesSequentially(TestNG.java:1280)<br/>org.testng.TestNG.runSuitesLocally(TestNG.java:1200)<br/>org.testng.TestNG.runSuites(TestNG.java:1114)<br/>org.testng.TestNG.run(TestNG.java:1082)<br/>com.intellij.rt.testng.IDEARemoteTestNG.run(IDEARemoteTestNG.java:66)<br/>com.intellij.rt.testng.RemoteTestNGStarter.main(RemoteTestNGStarter.java:105)</div></td><td align='center' style='border-style: solid; border-width: 1px; border-color: white; padding: 5px; color: white;'><a target='_blank' href='file:///Users/payalmokal/Documents/GitHub/carina-project1/carina-qa/./reports/1690311967430/1690311967430/test.log' style='color: white;'>Logs</a></td></tr><tr><td colspan='4' class='package' style='background: gray; border-style: solid; border-width: 1px; border-color: white; padding: 5px; color: white;'>com.zebrunner.carina.webdriver</td></tr><tr class='fail' style='background: #FF5C33;'><td align='center' style='border-style: solid; border-width: 1px; border-color: white; padding: 5px; color: white;'>FAILED</td><td style='border-style: solid; border-width: 1px; border-color: white; padding: 5px; color: white;'><span>carina-qa - quitDriver</span><div style="background:#ffcccc; color: black; padding: 5px; margin: 2px 0px 2px 0px;"><br/>Cannot inject @Test annotated Method [quitDriver] with [class java.lang.String].<br/>For more information on native dependency injection please refer to https://testng.org/doc/documentation-main.html#native-dependency-injection<br/><br/>org.testng.internal.Parameters.checkParameterTypes(Parameters.java:436)<br/>org.testng.internal.Parameters.createParametersForMethod(Parameters.java:350)<br/>org.testng.internal.Parameters.createParameters(Parameters.java:693)<br/>org.testng.internal.Parameters.handleParameters(Parameters.java:879)<br/>org.testng.internal.Parameters.handleParameters(Parameters.java:728)<br/>org.testng.internal.invokers.ParameterHandler.handleParameters(ParameterHandler.java:72)<br/>org.testng.internal.invokers.ParameterHandler.createParameters(ParameterHandler.java:51)<br/>org.testng.internal.invokers.TestInvoker$MethodInvocationAgent.invoke(TestInvoker.java:911)<br/>org.testng.internal.invokers.TestInvoker.invokeTestMethods(TestInvoker.java:200)<br/>org.testng.internal.invokers.TestMethodWorker.invokeTestMethods(TestMethodWorker.java:148)<br/>org.testng.internal.invokers.TestMethodWorker.run(TestMethodWorker.java:128)<br/>java.base/java.util.ArrayList.forEach(ArrayList.java:1511)<br/>org.testng.TestRunner.privateRun(TestRunner.java:848)<br/>org.testng.TestRunner.run(TestRunner.java:621)<br/>org.testng.SuiteRunner.runTest(SuiteRunner.java:443)<br/>org.testng.SuiteRunner.runSequentially(SuiteRunner.java:437)<br/>org.testng.SuiteRunner.privateRun(SuiteRunner.java:397)<br/>org.testng.SuiteRunner.run(SuiteRunner.java:336)<br/>org.testng.SuiteRunnerWorker.runSuite(SuiteRunnerWorker.java:52)<br/>org.testng.SuiteRunnerWorker.run(SuiteRunnerWorker.java:95)<br/>org.testng.TestNG.runSuitesSequentially(TestNG.java:1280)<br/>org.testng.TestNG.runSuitesLocally(TestNG.java:1200)<br/>org.testng.TestNG.runSuites(TestNG.java:1114)<br/>org.testng.TestNG.run(TestNG.java:1082)<br/>com.intellij.rt.testng.IDEARemoteTestNG.run(IDEARemoteTestNG.java:66)<br/>com.intellij.rt.testng.RemoteTestNGStarter.main(RemoteTestNGStarter.java:105)</div></td><td align='center' style='border-style: solid; border-width: 1px; border-color: white; padding: 5px; color: white;'><a target='_blank' href='file:///Users/payalmokal/Documents/GitHub/carina-project1/carina-qa/./reports/1690311967430/1690311967430/test.log' style='color: white;'>Logs</a></td></tr><tr class='fail' style='background: #FF5C33;'><td align='center' style='border-style: solid; border-width: 1px; border-color: white; padding: 5px; color: white;'>FAILED</td><td style='border-style: solid; border-width: 1px; border-color: white; padding: 5px; color: white;'><span>carina-qa - quitDrivers</span><div style="background:#ffcccc; color: black; padding: 5px; margin: 2px 0px 2px 0px;"><br/>Cannot inject @Test annotated Method [quitDrivers] with [class [Lcom.zebrunner.carina.webdriver.TestPhase$Phase;].<br/>For more information on native dependency injection please refer to https://testng.org/doc/documentation-main.html#native-dependency-injection<br/><br/>org.testng.internal.Parameters.checkParameterTypes(Parameters.java:436)<br/>org.testng.internal.Parameters.createParametersForMethod(Parameters.java:350)<br/>org.testng.internal.Parameters.createParameters(Parameters.java:693)<br/>org.testng.internal.Parameters.handleParameters(Parameters.java:879)<br/>org.testng.internal.Parameters.handleParameters(Parameters.java:728)<br/>org.testng.internal.invokers.ParameterHandler.handleParameters(ParameterHandler.java:72)<br/>org.testng.internal.invokers.ParameterHandler.createParameters(ParameterHandler.java:51)<br/>org.testng.internal.invokers.TestInvoker$MethodInvocationAgent.invoke(TestInvoker.java:911)<br/>org.testng.internal.invokers.TestInvoker.invokeTestMethods(TestInvoker.java:200)<br/>org.testng.internal.invokers.TestMethodWorker.invokeTestMethods(TestMethodWorker.java:148)<br/>org.testng.internal.invokers.TestMethodWorker.run(TestMethodWorker.java:128)<br/>java.base/java.util.ArrayList.forEach(ArrayList.java:1511)<br/>org.testng.TestRunner.privateRun(TestRunner.java:848)<br/>org.testng.TestRunner.run(TestRunner.java:621)<br/>org.testng.SuiteRunner.runTest(SuiteRunner.java:443)<br/>org.testng.SuiteRunner.runSequentially(SuiteRunner.java:437)<br/>org.testng.SuiteRunner.privateRun(SuiteRunner.java:397)<br/>org.testng.SuiteRunner.run(SuiteRunner.java:336)<br/>org.testng.SuiteRunnerWorker.runSuite(SuiteRunnerWorker.java:52)<br/>org.testng.SuiteRunnerWorker.run(SuiteRunnerWorker.java:95)<br/>org.testng.TestNG.runSuitesSequentially(TestNG.java:1280)<br/>org.testng.TestNG.runSuitesLocally(TestNG.java:1200)<br/>org.testng.TestNG.runSuites(TestNG.java:1114)<br/>org.testng.TestNG.run(TestNG.java:1082)<br/>com.intellij.rt.testng.IDEARemoteTestNG.run(IDEARemoteTestNG.java:66)<br/>com.intellij.rt.testng.RemoteTestNGStarter.main(RemoteTestNGStarter.java:105)</div></td><td align='center' style='border-style: solid; border-width: 1px; border-color: white; padding: 5px; color: white;'><a target='_blank' href='file:///Users/payalmokal/Documents/GitHub/carina-project1/carina-qa/./reports/1690311967430/1690311967430/test.log' style='color: white;'>Logs</a></td></tr><tr class='fail' style='background: #FF5C33;'><td align='center' style='border-style: solid; border-width: 1px; border-color: white; padding: 5px; color: white;'>FAILED</td><td style='border-style: solid; border-width: 1px; border-color: white; padding: 5px; color: white;'><span>carina-qa - removeCapabilities</span><div style="background:#ffcccc; color: black; padding: 5px; margin: 2px 0px 2px 0px;">Cannot invoke &quot;Object.equals(Object)&quot; because &quot;this.m_retryAnalyzerClass&quot; is null<br/><br/>org.testng.internal.BaseTestMethod.getRetryAnalyzerConsideringMethodParameters(BaseTestMethod.java:813)<br/>org.testng.internal.BaseTestMethod.getRetryAnalyzer(BaseTestMethod.java:681)<br/>org.testng.internal.invokers.TestInvoker.shouldRetryTestMethod(TestInvoker.java:549)<br/>org.testng.internal.invokers.TestInvoker.invokeMethod(TestInvoker.java:726)<br/>org.testng.internal.invokers.TestInvoker.invokeTestMethod(TestInvoker.java:227)<br/>org.testng.internal.invokers.MethodRunner.runInSequence(MethodRunner.java:50)<br/>org.testng.internal.invokers.TestInvoker$MethodInvocationAgent.invoke(TestInvoker.java:957)<br/>org.testng.internal.invokers.TestInvoker.invokeTestMethods(TestInvoker.java:200)<br/>org.testng.internal.invokers.TestMethodWorker.invokeTestMethods(TestMethodWorker.java:148)<br/>org.testng.internal.invokers.TestMethodWorker.run(TestMethodWorker.java:128)<br/>java.base/java.util.ArrayList.forEach(ArrayList.java:1511)<br/>org.testng.TestRunner.privateRun(TestRunner.java:848)<br/>org.testng.TestRunner.run(TestRunner.java:621)<br/>org.testng.SuiteRunner.runTest(SuiteRunner.java:443)<br/>org.testng.SuiteRunner.runSequentially(SuiteRunner.java:437)<br/>org.testng.SuiteRunner.privateRun(SuiteRunner.java:397)<br/>org.testng.SuiteRunner.run(SuiteRunner.java:336)<br/>org.testng.SuiteRunnerWorker.runSuite(SuiteRunnerWorker.java:52)<br/>org.testng.SuiteRunnerWorker.run(SuiteRunnerWorker.java:95)<br/>org.testng.TestNG.runSuitesSequentially(TestNG.java:1280)<br/>org.testng.TestNG.runSuitesLocally(TestNG.java:1200)<br/>org.testng.TestNG.runSuites(TestNG.java:1114)<br/>org.testng.TestNG.run(TestNG.java:1082)<br/>com.intellij.rt.testng.IDEARemoteTestNG.run(IDEARemoteTestNG.java:66)<br/>com.intellij.rt.testng.RemoteTestNGStarter.main(RemoteTestNGStarter.java:105)</div></td><td align='center' style='border-style: solid; border-width: 1px; border-color: white; padding: 5px; color: white;'><a target='_blank' href='file:///Users/payalmokal/Documents/GitHub/carina-project1/carina-qa/./reports/1690311967430/0e6a0ea8-0f02-44a2-b553-d37a602ed444/test.log' style='color: white;'>Logs</a></td></tr><tr class='fail' style='background: #FF5C33;'><td align='center' style='border-style: solid; border-width: 1px; border-color: white; padding: 5px; color: white;'>FAILED</td><td style='border-style: solid; border-width: 1px; border-color: white; padding: 5px; color: white;'><span>carina-qa - setCapabilities</span><div style="background:#ffcccc; color: black; padding: 5px; margin: 2px 0px 2px 0px;"><br/>Cannot inject @Test annotated Method [setCapabilities] with [class org.openqa.selenium.MutableCapabilities].<br/>For more information on native dependency injection please refer to https://testng.org/doc/documentation-main.html#native-dependency-injection<br/><br/>org.testng.internal.Parameters.checkParameterTypes(Parameters.java:436)<br/>org.testng.internal.Parameters.createParametersForMethod(Parameters.java:350)<br/>org.testng.internal.Parameters.createParameters(Parameters.java:693)<br/>org.testng.internal.Parameters.handleParameters(Parameters.java:879)<br/>org.testng.internal.Parameters.handleParameters(Parameters.java:728)<br/>org.testng.internal.invokers.ParameterHandler.handleParameters(ParameterHandler.java:72)<br/>org.testng.internal.invokers.ParameterHandler.createParameters(ParameterHandler.java:51)<br/>org.testng.internal.invokers.TestInvoker$MethodInvocationAgent.invoke(TestInvoker.java:911)<br/>org.testng.internal.invokers.TestInvoker.invokeTestMethods(TestInvoker.java:200)<br/>org.testng.internal.invokers.TestMethodWorker.invokeTestMethods(TestMethodWorker.java:148)<br/>org.testng.internal.invokers.TestMethodWorker.run(TestMethodWorker.java:128)<br/>java.base/java.util.ArrayList.forEach(ArrayList.java:1511)<br/>org.testng.TestRunner.privateRun(TestRunner.java:848)<br/>org.testng.TestRunner.run(TestRunner.java:621)<br/>org.testng.SuiteRunner.runTest(SuiteRunner.java:443)<br/>org.testng.SuiteRunner.runSequentially(SuiteRunner.java:437)<br/>org.testng.SuiteRunner.privateRun(SuiteRunner.java:397)<br/>org.testng.SuiteRunner.run(SuiteRunner.java:336)<br/>org.testng.SuiteRunnerWorker.runSuite(SuiteRunnerWorker.java:52)<br/>org.testng.SuiteRunnerWorker.run(SuiteRunnerWorker.java:95)<br/>org.testng.TestNG.runSuitesSequentially(TestNG.java:1280)<br/>org.testng.TestNG.runSuitesLocally(TestNG.java:1200)<br/>org.testng.TestNG.runSuites(TestNG.java:1114)<br/>org.testng.TestNG.run(TestNG.java:1082)<br/>com.intellij.rt.testng.IDEARemoteTestNG.run(IDEARemoteTestNG.java:66)<br/>com.intellij.rt.testng.RemoteTestNGStarter.main(RemoteTestNGStarter.java:105)</div></td><td align='center' style='border-style: solid; border-width: 1px; border-color: white; padding: 5px; color: white;'><a target='_blank' href='file:///Users/payalmokal/Documents/GitHub/carina-project1/carina-qa/./reports/1690311967430/1690311967430/test.log' style='color: white;'>Logs</a></td></tr></table></div></div>