<div id='container' style='width: 98%; padding: 10px; margin: 0; background: #EBEBE0; color: #717171; font-family: Calibri;'><div id='summary'><h2 align='center' style='background-color: gray; color: white; padding: 10px; margin: 0;'>FAILED: Web Automation Suite (testngWeb.xml) - DEMO ( firefox)</h2><br><h2 style='clear: both; margin: 0;'>Summary:</h2><hr/><table style='width: 1000px;'><tr><td style='width: 100px;'>Environment:</td><td>DEMO - <a href='https://www.gsmarena.com'>https://www.gsmarena.com</a></td></tr><tr><td>Version:</td><td></td></tr><tr><td>Browser:</td><td>firefox</td></tr><tr><td>Finished:</td><td>23:11:52 2023-07-26</td></tr><tr class='pass' style='color: #66C266;'><td>Passed: </td><td>0</td></tr><tr class='fail' style='color: #FF5C33;'><td>Failed:</td><td>10</td></tr><tr class='skip' style='color: #FFD700;'><td>Skipped:</td><td>0</td></tr><tr><td>Success rate:</td><td>0%</td></tr></table></div><br><br><div id='results'><h2 style='margin: 0;'>Test results:</h2><hr/><table cellspacing='0' cellpadding='0' style='width: 100%;'><tr><th width='10%' align='center'>Result</th><th width='75%'>Test name</th><th width='10%'>Test files</th></tr><tr><td colspan='4' class='package' style='background: gray; border-style: solid; border-width: 1px; border-color: white; padding: 5px; color: white;'>com.solvd.web.amazon</td></tr><tr class='fail' style='background: #FF5C33;'><td align='center' style='border-style: solid; border-width: 1px; border-color: white; padding: 5px; color: white;'>FAILED</td><td style='border-style: solid; border-width: 1px; border-color: white; padding: 5px; color: white;'><span>Web Test - amazonSearch</span><div style="background:#ffcccc; color: black; padding: 5px; margin: 2px 0px 2px 0px;">Could not start a new session. Possible causes are invalid address of the remote server or browser start-up failure. <br/>Host info: host: 'Payals-MBP.lan', ip: '2603:6010:9cf0:72a0:0:0:0:1435%en0'<br/>Build info: version: '4.10.0', revision: 'c14d967899'<br/>System info: os.name: 'Mac OS X', os.arch: 'x86_64', os.version: '12.6.7', java.version: '20.0.2'<br/>Driver info: org.openqa.selenium.remote.RemoteWebDriver<br/>Command: [null, newSession {capabilities=[Capabilities {acceptInsecureCerts: true, browserName: firefox, moz:debuggerAddress: true, moz:firefoxOptions: {profile: UEsDBBQACAgIAHm5+lYAAAAAAAA...}}]}]<br/>Capabilities {acceptInsecureCerts: true, browserName: firefox, moz:debuggerAddress: true, moz:firefoxOptions: {profile: UEsDBBQACAgIAHm5+lYAAAAAAAA...}}<br/><br/>org.openqa.selenium.remote.RemoteWebDriver.execute(RemoteWebDriver.java:549)<br/>org.openqa.selenium.remote.RemoteWebDriver.startSession$original$jS10ameU(RemoteWebDriver.java:227)<br/>org.openqa.selenium.remote.RemoteWebDriver.startSession$original$jS10ameU$accessor$RJfYxLVx(RemoteWebDriver.java)<br/>org.openqa.selenium.remote.RemoteWebDriver$auxiliary$o2hKYSop.run(Unknown Source)<br/>com.zebrunner.agent.core.webdriver.StartSessionInterceptor.onSessionStart(StartSessionInterceptor.java:42)<br/>org.openqa.selenium.remote.RemoteWebDriver.startSession(RemoteWebDriver.java)<br/>org.openqa.selenium.remote.RemoteWebDriver.&lt;init&gt;(RemoteWebDriver.java:154)<br/>com.zebrunner.carina.webdriver.core.factory.impl.DesktopFactory.create(DesktopFactory.java:85)<br/>com.zebrunner.carina.webdriver.core.factory.DriverFactory.create(DriverFactory.java:87)<br/>com.zebrunner.carina.webdriver.IDriverPool.createDriver(IDriverPool.java:364)<br/>com.zebrunner.carina.webdriver.IDriverPool.getDriver(IDriverPool.java:117)<br/>com.zebrunner.carina.webdriver.IDriverPool.getDriver(IDriverPool.java:80)<br/>com.zebrunner.carina.webdriver.IDriverPool.getDriver(IDriverPool.java:68)<br/>com.solvd.web.amazon.AmazonTest.amazonSearch(AmazonTest.java:39)<br/>java.base/jdk.internal.reflect.DirectMethodHandleAccessor.invoke(DirectMethodHandleAccessor.java:104)<br/>java.base...</div></td><td align='center' style='border-style: solid; border-width: 1px; border-color: white; padding: 5px; color: white;'><a target='_blank' href='' style='color: white;'>Logs</a></td></tr><tr class='fail' style='background: #FF5C33;'><td align='center' style='border-style: solid; border-width: 1px; border-color: white; padding: 5px; color: white;'>FAILED</td><td style='border-style: solid; border-width: 1px; border-color: white; padding: 5px; color: white;'><span>Web Test - signInWithValidCredentials</span><div style="background:#ffcccc; color: black; padding: 5px; margin: 2px 0px 2px 0px;">Could not start a new session. Possible causes are invalid address of the remote server or browser start-up failure. <br/>Host info: host: 'Payals-MBP.lan', ip: '2603:6010:9cf0:72a0:0:0:0:1435%en0'<br/>Build info: version: '4.10.0', revision: 'c14d967899'<br/>System info: os.name: 'Mac OS X', os.arch: 'x86_64', os.version: '12.6.7', java.version: '20.0.2'<br/>Driver info: org.openqa.selenium.remote.RemoteWebDriver<br/>Command: [null, newSession {capabilities=[Capabilities {acceptInsecureCerts: true, browserName: firefox, moz:debuggerAddress: true, moz:firefoxOptions: {profile: UEsDBBQACAgIAHq5+lYAAAAAAAA...}}]}]<br/>Capabilities {acceptInsecureCerts: true, browserName: firefox, moz:debuggerAddress: true, moz:firefoxOptions: {profile: UEsDBBQACAgIAHq5+lYAAAAAAAA...}}<br/><br/>org.openqa.selenium.remote.RemoteWebDriver.execute(RemoteWebDriver.java:549)<br/>org.openqa.selenium.remote.RemoteWebDriver.startSession$original$jS10ameU(RemoteWebDriver.java:227)<br/>org.openqa.selenium.remote.RemoteWebDriver.startSession$original$jS10ameU$accessor$RJfYxLVx(RemoteWebDriver.java)<br/>org.openqa.selenium.remote.RemoteWebDriver$auxiliary$o2hKYSop.run(Unknown Source)<br/>com.zebrunner.agent.core.webdriver.StartSessionInterceptor.onSessionStart(StartSessionInterceptor.java:42)<br/>org.openqa.selenium.remote.RemoteWebDriver.startSession(RemoteWebDriver.java)<br/>org.openqa.selenium.remote.RemoteWebDriver.&lt;init&gt;(RemoteWebDriver.java:154)<br/>com.zebrunner.carina.webdriver.core.factory.impl.DesktopFactory.create(DesktopFactory.java:85)<br/>com.zebrunner.carina.webdriver.core.factory.DriverFactory.create(DriverFactory.java:87)<br/>com.zebrunner.carina.webdriver.IDriverPool.createDriver(IDriverPool.java:364)<br/>com.zebrunner.carina.webdriver.IDriverPool.getDriver(IDriverPool.java:117)<br/>com.zebrunner.carina.webdriver.IDriverPool.getDriver(IDriverPool.java:80)<br/>com.zebrunner.carina.webdriver.IDriverPool.getDriver(IDriverPool.java:68)<br/>com.solvd.web.amazon.AmazonTest.signInWithValidCredentials(AmazonTest.java:21)<br/>java.base/jdk.internal.reflect.DirectMethodHandleAccessor.invoke(DirectMethodHandleAccessor.java:...</div></td><td align='center' style='border-style: solid; border-width: 1px; border-color: white; padding: 5px; color: white;'><a target='_blank' href='' style='color: white;'>Logs</a></td></tr><tr><td colspan='4' class='package' style='background: gray; border-style: solid; border-width: 1px; border-color: white; padding: 5px; color: white;'>com.zebrunner.carina.core</td></tr><tr class='fail' style='background: #FF5C33;'><td align='center' style='border-style: solid; border-width: 1px; border-color: white; padding: 5px; color: white;'>FAILED</td><td style='border-style: solid; border-width: 1px; border-color: white; padding: 5px; color: white;'><span>Web Test - pause</span><div style="background:#ffcccc; color: black; padding: 5px; margin: 2px 0px 2px 0px;"><br/>Cannot inject @Test annotated Method [pause] with [long].<br/>For more information on native dependency injection please refer to https://testng.org/doc/documentation-main.html#native-dependency-injection<br/><br/>org.testng.internal.Parameters.checkParameterTypes(Parameters.java:436)<br/>org.testng.internal.Parameters.createParametersForMethod(Parameters.java:350)<br/>org.testng.internal.Parameters.createParameters(Parameters.java:693)<br/>org.testng.internal.Parameters.handleParameters(Parameters.java:879)<br/>org.testng.internal.Parameters.handleParameters(Parameters.java:728)<br/>org.testng.internal.invokers.ParameterHandler.handleParameters(ParameterHandler.java:72)<br/>org.testng.internal.invokers.ParameterHandler.createParameters(ParameterHandler.java:51)<br/>org.testng.internal.invokers.TestInvoker$MethodInvocationAgent.invoke(TestInvoker.java:911)<br/>org.testng.internal.invokers.TestInvoker.invokeTestMethods(TestInvoker.java:200)<br/>org.testng.internal.invokers.TestMethodWorker.invokeTestMethods(TestMethodWorker.java:148)<br/>org.testng.internal.invokers.TestMethodWorker.run(TestMethodWorker.java:128)<br/>java.base/java.util.ArrayList.forEach(ArrayList.java:1511)<br/>org.testng.TestRunner.privateRun(TestRunner.java:848)<br/>org.testng.TestRunner.run(TestRunner.java:621)<br/>org.testng.SuiteRunner.runTest(SuiteRunner.java:443)<br/>org.testng.SuiteRunner.runSequentially(SuiteRunner.java:437)<br/>org.testng.SuiteRunner.privateRun(SuiteRunner.java:397)<br/>org.testng.SuiteRunner.run(SuiteRunner.java:336)<br/>org.testng.SuiteRunnerWorker.runSuite(SuiteRunnerWorker.java:52)<br/>org.testng.SuiteRunnerWorker.run(SuiteRunnerWorker.java:95)<br/>org.testng.TestNG.runSuitesSequentially(TestNG.java:1280)<br/>org.testng.TestNG.runSuitesLocally(TestNG.java:1200)<br/>org.testng.TestNG.runSuites(TestNG.java:1114)<br/>org.testng.TestNG.run(TestNG.java:1082)<br/>com.intellij.rt.testng.IDEARemoteTestNG.run(IDEARemoteTestNG.java:66)<br/>com.intellij.rt.testng.RemoteTestNGStarter.main(RemoteTestNGStarter.java:105)</div></td><td align='center' style='border-style: solid; border-width: 1px; border-color: white; padding: 5px; color: white;'><a target='_blank' href='' style='color: white;'>Logs</a></td></tr><tr class='fail' style='background: #FF5C33;'><td align='center' style='border-style: solid; border-width: 1px; border-color: white; padding: 5px; color: white;'>FAILED</td><td style='border-style: solid; border-width: 1px; border-color: white; padding: 5px; color: white;'><span>Web Test - skipExecution</span><div style="background:#ffcccc; color: black; padding: 5px; margin: 2px 0px 2px 0px;"><br/>Cannot inject @Test annotated Method [skipExecution] with [class java.lang.String].<br/>For more information on native dependency injection please refer to https://testng.org/doc/documentation-main.html#native-dependency-injection<br/><br/>org.testng.internal.Parameters.checkParameterTypes(Parameters.java:436)<br/>org.testng.internal.Parameters.createParametersForMethod(Parameters.java:350)<br/>org.testng.internal.Parameters.createParameters(Parameters.java:693)<br/>org.testng.internal.Parameters.handleParameters(Parameters.java:879)<br/>org.testng.internal.Parameters.handleParameters(Parameters.java:728)<br/>org.testng.internal.invokers.ParameterHandler.handleParameters(ParameterHandler.java:72)<br/>org.testng.internal.invokers.ParameterHandler.createParameters(ParameterHandler.java:51)<br/>org.testng.internal.invokers.TestInvoker$MethodInvocationAgent.invoke(TestInvoker.java:911)<br/>org.testng.internal.invokers.TestInvoker.invokeTestMethods(TestInvoker.java:200)<br/>org.testng.internal.invokers.TestMethodWorker.invokeTestMethods(TestMethodWorker.java:148)<br/>org.testng.internal.invokers.TestMethodWorker.run(TestMethodWorker.java:128)<br/>java.base/java.util.ArrayList.forEach(ArrayList.java:1511)<br/>org.testng.TestRunner.privateRun(TestRunner.java:848)<br/>org.testng.TestRunner.run(TestRunner.java:621)<br/>org.testng.SuiteRunner.runTest(SuiteRunner.java:443)<br/>org.testng.SuiteRunner.runSequentially(SuiteRunner.java:437)<br/>org.testng.SuiteRunner.privateRun(SuiteRunner.java:397)<br/>org.testng.SuiteRunner.run(SuiteRunner.java:336)<br/>org.testng.SuiteRunnerWorker.runSuite(SuiteRunnerWorker.java:52)<br/>org.testng.SuiteRunnerWorker.run(SuiteRunnerWorker.java:95)<br/>org.testng.TestNG.runSuitesSequentially(TestNG.java:1280)<br/>org.testng.TestNG.runSuitesLocally(TestNG.java:1200)<br/>org.testng.TestNG.runSuites(TestNG.java:1114)<br/>org.testng.TestNG.run(TestNG.java:1082)<br/>com.intellij.rt.testng.IDEARemoteTestNG.run(IDEARemoteTestNG.java:66)<br/>com.intellij.rt.testng.RemoteTestNGStarter.main(RemoteTestNGStarter.java:105)</div></td><td align='center' style='border-style: solid; border-width: 1px; border-color: white; padding: 5px; color: white;'><a target='_blank' href='' style='color: white;'>Logs</a></td></tr><tr><td colspan='4' class='package' style='background: gray; border-style: solid; border-width: 1px; border-color: white; padding: 5px; color: white;'>com.zebrunner.carina.core.report.testrail</td></tr><tr class='fail' style='background: #FF5C33;'><td align='center' style='border-style: solid; border-width: 1px; border-color: white; padding: 5px; color: white;'>FAILED</td><td style='border-style: solid; border-width: 1px; border-color: white; padding: 5px; color: white;'><span>Web Test - clearCases</span><div style="background:#ffcccc; color: black; padding: 5px; margin: 2px 0px 2px 0px;">Cannot invoke &quot;Object.equals(Object)&quot; because &quot;this.m_retryAnalyzerClass&quot; is null<br/><br/>org.testng.internal.BaseTestMethod.getRetryAnalyzerConsideringMethodParameters(BaseTestMethod.java:813)<br/>org.testng.internal.BaseTestMethod.getRetryAnalyzer(BaseTestMethod.java:681)<br/>org.testng.internal.invokers.TestInvoker.shouldRetryTestMethod(TestInvoker.java:549)<br/>org.testng.internal.invokers.TestInvoker.invokeMethod(TestInvoker.java:726)<br/>org.testng.internal.invokers.TestInvoker.invokeTestMethod(TestInvoker.java:227)<br/>org.testng.internal.invokers.MethodRunner.runInSequence(MethodRunner.java:50)<br/>org.testng.internal.invokers.TestInvoker$MethodInvocationAgent.invoke(TestInvoker.java:957)<br/>org.testng.internal.invokers.TestInvoker.invokeTestMethods(TestInvoker.java:200)<br/>org.testng.internal.invokers.TestMethodWorker.invokeTestMethods(TestMethodWorker.java:148)<br/>org.testng.internal.invokers.TestMethodWorker.run(TestMethodWorker.java:128)<br/>java.base/java.util.ArrayList.forEach(ArrayList.java:1511)<br/>org.testng.TestRunner.privateRun(TestRunner.java:848)<br/>org.testng.TestRunner.run(TestRunner.java:621)<br/>org.testng.SuiteRunner.runTest(SuiteRunner.java:443)<br/>org.testng.SuiteRunner.runSequentially(SuiteRunner.java:437)<br/>org.testng.SuiteRunner.privateRun(SuiteRunner.java:397)<br/>org.testng.SuiteRunner.run(SuiteRunner.java:336)<br/>org.testng.SuiteRunnerWorker.runSuite(SuiteRunnerWorker.java:52)<br/>org.testng.SuiteRunnerWorker.run(SuiteRunnerWorker.java:95)<br/>org.testng.TestNG.runSuitesSequentially(TestNG.java:1280)<br/>org.testng.TestNG.runSuitesLocally(TestNG.java:1200)<br/>org.testng.TestNG.runSuites(TestNG.java:1114)<br/>org.testng.TestNG.run(TestNG.java:1082)<br/>com.intellij.rt.testng.IDEARemoteTestNG.run(IDEARemoteTestNG.java:66)<br/>com.intellij.rt.testng.RemoteTestNGStarter.main(RemoteTestNGStarter.java:105)</div></td><td align='center' style='border-style: solid; border-width: 1px; border-color: white; padding: 5px; color: white;'><a target='_blank' href='' style='color: white;'>Logs</a></td></tr><tr class='fail' style='background: #FF5C33;'><td align='center' style='border-style: solid; border-width: 1px; border-color: white; padding: 5px; color: white;'>FAILED</td><td style='border-style: solid; border-width: 1px; border-color: white; padding: 5px; color: white;'><span>Web Test - setCases</span><div style="background:#ffcccc; color: black; padding: 5px; margin: 2px 0px 2px 0px;"><br/>Cannot inject @Test annotated Method [setCases] with [class [Ljava.lang.String;].<br/>For more information on native dependency injection please refer to https://testng.org/doc/documentation-main.html#native-dependency-injection<br/><br/>org.testng.internal.Parameters.checkParameterTypes(Parameters.java:436)<br/>org.testng.internal.Parameters.createParametersForMethod(Parameters.java:350)<br/>org.testng.internal.Parameters.createParameters(Parameters.java:693)<br/>org.testng.internal.Parameters.handleParameters(Parameters.java:879)<br/>org.testng.internal.Parameters.handleParameters(Parameters.java:728)<br/>org.testng.internal.invokers.ParameterHandler.handleParameters(ParameterHandler.java:72)<br/>org.testng.internal.invokers.ParameterHandler.createParameters(ParameterHandler.java:51)<br/>org.testng.internal.invokers.TestInvoker$MethodInvocationAgent.invoke(TestInvoker.java:911)<br/>org.testng.internal.invokers.TestInvoker.invokeTestMethods(TestInvoker.java:200)<br/>org.testng.internal.invokers.TestMethodWorker.invokeTestMethods(TestMethodWorker.java:148)<br/>org.testng.internal.invokers.TestMethodWorker.run(TestMethodWorker.java:128)<br/>java.base/java.util.ArrayList.forEach(ArrayList.java:1511)<br/>org.testng.TestRunner.privateRun(TestRunner.java:848)<br/>org.testng.TestRunner.run(TestRunner.java:621)<br/>org.testng.SuiteRunner.runTest(SuiteRunner.java:443)<br/>org.testng.SuiteRunner.runSequentially(SuiteRunner.java:437)<br/>org.testng.SuiteRunner.privateRun(SuiteRunner.java:397)<br/>org.testng.SuiteRunner.run(SuiteRunner.java:336)<br/>org.testng.SuiteRunnerWorker.runSuite(SuiteRunnerWorker.java:52)<br/>org.testng.SuiteRunnerWorker.run(SuiteRunnerWorker.java:95)<br/>org.testng.TestNG.runSuitesSequentially(TestNG.java:1280)<br/>org.testng.TestNG.runSuitesLocally(TestNG.java:1200)<br/>org.testng.TestNG.runSuites(TestNG.java:1114)<br/>org.testng.TestNG.run(TestNG.java:1082)<br/>com.intellij.rt.testng.IDEARemoteTestNG.run(IDEARemoteTestNG.java:66)<br/>com.intellij.rt.testng.RemoteTestNGStarter.main(RemoteTestNGStarter.java:105)</div></td><td align='center' style='border-style: solid; border-width: 1px; border-color: white; padding: 5px; color: white;'><a target='_blank' href='' style='color: white;'>Logs</a></td></tr><tr><td colspan='4' class='package' style='background: gray; border-style: solid; border-width: 1px; border-color: white; padding: 5px; color: white;'>com.zebrunner.carina.webdriver</td></tr><tr class='fail' style='background: #FF5C33;'><td align='center' style='border-style: solid; border-width: 1px; border-color: white; padding: 5px; color: white;'>FAILED</td><td style='border-style: solid; border-width: 1px; border-color: white; padding: 5px; color: white;'><span>Web Test - quitDriver</span><div style="background:#ffcccc; color: black; padding: 5px; margin: 2px 0px 2px 0px;"><br/>Cannot inject @Test annotated Method [quitDriver] with [class java.lang.String].<br/>For more information on native dependency injection please refer to https://testng.org/doc/documentation-main.html#native-dependency-injection<br/><br/>org.testng.internal.Parameters.checkParameterTypes(Parameters.java:436)<br/>org.testng.internal.Parameters.createParametersForMethod(Parameters.java:350)<br/>org.testng.internal.Parameters.createParameters(Parameters.java:693)<br/>org.testng.internal.Parameters.handleParameters(Parameters.java:879)<br/>org.testng.internal.Parameters.handleParameters(Parameters.java:728)<br/>org.testng.internal.invokers.ParameterHandler.handleParameters(ParameterHandler.java:72)<br/>org.testng.internal.invokers.ParameterHandler.createParameters(ParameterHandler.java:51)<br/>org.testng.internal.invokers.TestInvoker$MethodInvocationAgent.invoke(TestInvoker.java:911)<br/>org.testng.internal.invokers.TestInvoker.invokeTestMethods(TestInvoker.java:200)<br/>org.testng.internal.invokers.TestMethodWorker.invokeTestMethods(TestMethodWorker.java:148)<br/>org.testng.internal.invokers.TestMethodWorker.run(TestMethodWorker.java:128)<br/>java.base/java.util.ArrayList.forEach(ArrayList.java:1511)<br/>org.testng.TestRunner.privateRun(TestRunner.java:848)<br/>org.testng.TestRunner.run(TestRunner.java:621)<br/>org.testng.SuiteRunner.runTest(SuiteRunner.java:443)<br/>org.testng.SuiteRunner.runSequentially(SuiteRunner.java:437)<br/>org.testng.SuiteRunner.privateRun(SuiteRunner.java:397)<br/>org.testng.SuiteRunner.run(SuiteRunner.java:336)<br/>org.testng.SuiteRunnerWorker.runSuite(SuiteRunnerWorker.java:52)<br/>org.testng.SuiteRunnerWorker.run(SuiteRunnerWorker.java:95)<br/>org.testng.TestNG.runSuitesSequentially(TestNG.java:1280)<br/>org.testng.TestNG.runSuitesLocally(TestNG.java:1200)<br/>org.testng.TestNG.runSuites(TestNG.java:1114)<br/>org.testng.TestNG.run(TestNG.java:1082)<br/>com.intellij.rt.testng.IDEARemoteTestNG.run(IDEARemoteTestNG.java:66)<br/>com.intellij.rt.testng.RemoteTestNGStarter.main(RemoteTestNGStarter.java:105)</div></td><td align='center' style='border-style: solid; border-width: 1px; border-color: white; padding: 5px; color: white;'><a target='_blank' href='' style='color: white;'>Logs</a></td></tr><tr class='fail' style='background: #FF5C33;'><td align='center' style='border-style: solid; border-width: 1px; border-color: white; padding: 5px; color: white;'>FAILED</td><td style='border-style: solid; border-width: 1px; border-color: white; padding: 5px; color: white;'><span>Web Test - quitDrivers</span><div style="background:#ffcccc; color: black; padding: 5px; margin: 2px 0px 2px 0px;"><br/>Cannot inject @Test annotated Method [quitDrivers] with [class [Lcom.zebrunner.carina.webdriver.TestPhase$Phase;].<br/>For more information on native dependency injection please refer to https://testng.org/doc/documentation-main.html#native-dependency-injection<br/><br/>org.testng.internal.Parameters.checkParameterTypes(Parameters.java:436)<br/>org.testng.internal.Parameters.createParametersForMethod(Parameters.java:350)<br/>org.testng.internal.Parameters.createParameters(Parameters.java:693)<br/>org.testng.internal.Parameters.handleParameters(Parameters.java:879)<br/>org.testng.internal.Parameters.handleParameters(Parameters.java:728)<br/>org.testng.internal.invokers.ParameterHandler.handleParameters(ParameterHandler.java:72)<br/>org.testng.internal.invokers.ParameterHandler.createParameters(ParameterHandler.java:51)<br/>org.testng.internal.invokers.TestInvoker$MethodInvocationAgent.invoke(TestInvoker.java:911)<br/>org.testng.internal.invokers.TestInvoker.invokeTestMethods(TestInvoker.java:200)<br/>org.testng.internal.invokers.TestMethodWorker.invokeTestMethods(TestMethodWorker.java:148)<br/>org.testng.internal.invokers.TestMethodWorker.run(TestMethodWorker.java:128)<br/>java.base/java.util.ArrayList.forEach(ArrayList.java:1511)<br/>org.testng.TestRunner.privateRun(TestRunner.java:848)<br/>org.testng.TestRunner.run(TestRunner.java:621)<br/>org.testng.SuiteRunner.runTest(SuiteRunner.java:443)<br/>org.testng.SuiteRunner.runSequentially(SuiteRunner.java:437)<br/>org.testng.SuiteRunner.privateRun(SuiteRunner.java:397)<br/>org.testng.SuiteRunner.run(SuiteRunner.java:336)<br/>org.testng.SuiteRunnerWorker.runSuite(SuiteRunnerWorker.java:52)<br/>org.testng.SuiteRunnerWorker.run(SuiteRunnerWorker.java:95)<br/>org.testng.TestNG.runSuitesSequentially(TestNG.java:1280)<br/>org.testng.TestNG.runSuitesLocally(TestNG.java:1200)<br/>org.testng.TestNG.runSuites(TestNG.java:1114)<br/>org.testng.TestNG.run(TestNG.java:1082)<br/>com.intellij.rt.testng.IDEARemoteTestNG.run(IDEARemoteTestNG.java:66)<br/>com.intellij.rt.testng.RemoteTestNGStarter.main(RemoteTestNGStarter.java:105)</div></td><td align='center' style='border-style: solid; border-width: 1px; border-color: white; padding: 5px; color: white;'><a target='_blank' href='' style='color: white;'>Logs</a></td></tr><tr class='fail' style='background: #FF5C33;'><td align='center' style='border-style: solid; border-width: 1px; border-color: white; padding: 5px; color: white;'>FAILED</td><td style='border-style: solid; border-width: 1px; border-color: white; padding: 5px; color: white;'><span>Web Test - removeCapabilities</span><div style="background:#ffcccc; color: black; padding: 5px; margin: 2px 0px 2px 0px;">Cannot invoke &quot;Object.equals(Object)&quot; because &quot;this.m_retryAnalyzerClass&quot; is null<br/><br/>org.testng.internal.BaseTestMethod.getRetryAnalyzerConsideringMethodParameters(BaseTestMethod.java:813)<br/>org.testng.internal.BaseTestMethod.getRetryAnalyzer(BaseTestMethod.java:681)<br/>org.testng.internal.invokers.TestInvoker.shouldRetryTestMethod(TestInvoker.java:549)<br/>org.testng.internal.invokers.TestInvoker.invokeMethod(TestInvoker.java:726)<br/>org.testng.internal.invokers.TestInvoker.invokeTestMethod(TestInvoker.java:227)<br/>org.testng.internal.invokers.MethodRunner.runInSequence(MethodRunner.java:50)<br/>org.testng.internal.invokers.TestInvoker$MethodInvocationAgent.invoke(TestInvoker.java:957)<br/>org.testng.internal.invokers.TestInvoker.invokeTestMethods(TestInvoker.java:200)<br/>org.testng.internal.invokers.TestMethodWorker.invokeTestMethods(TestMethodWorker.java:148)<br/>org.testng.internal.invokers.TestMethodWorker.run(TestMethodWorker.java:128)<br/>java.base/java.util.ArrayList.forEach(ArrayList.java:1511)<br/>org.testng.TestRunner.privateRun(TestRunner.java:848)<br/>org.testng.TestRunner.run(TestRunner.java:621)<br/>org.testng.SuiteRunner.runTest(SuiteRunner.java:443)<br/>org.testng.SuiteRunner.runSequentially(SuiteRunner.java:437)<br/>org.testng.SuiteRunner.privateRun(SuiteRunner.java:397)<br/>org.testng.SuiteRunner.run(SuiteRunner.java:336)<br/>org.testng.SuiteRunnerWorker.runSuite(SuiteRunnerWorker.java:52)<br/>org.testng.SuiteRunnerWorker.run(SuiteRunnerWorker.java:95)<br/>org.testng.TestNG.runSuitesSequentially(TestNG.java:1280)<br/>org.testng.TestNG.runSuitesLocally(TestNG.java:1200)<br/>org.testng.TestNG.runSuites(TestNG.java:1114)<br/>org.testng.TestNG.run(TestNG.java:1082)<br/>com.intellij.rt.testng.IDEARemoteTestNG.run(IDEARemoteTestNG.java:66)<br/>com.intellij.rt.testng.RemoteTestNGStarter.main(RemoteTestNGStarter.java:105)</div></td><td align='center' style='border-style: solid; border-width: 1px; border-color: white; padding: 5px; color: white;'><a target='_blank' href='' style='color: white;'>Logs</a></td></tr><tr class='fail' style='background: #FF5C33;'><td align='center' style='border-style: solid; border-width: 1px; border-color: white; padding: 5px; color: white;'>FAILED</td><td style='border-style: solid; border-width: 1px; border-color: white; padding: 5px; color: white;'><span>Web Test - setCapabilities</span><div style="background:#ffcccc; color: black; padding: 5px; margin: 2px 0px 2px 0px;"><br/>Cannot inject @Test annotated Method [setCapabilities] with [class org.openqa.selenium.MutableCapabilities].<br/>For more information on native dependency injection please refer to https://testng.org/doc/documentation-main.html#native-dependency-injection<br/><br/>org.testng.internal.Parameters.checkParameterTypes(Parameters.java:436)<br/>org.testng.internal.Parameters.createParametersForMethod(Parameters.java:350)<br/>org.testng.internal.Parameters.createParameters(Parameters.java:693)<br/>org.testng.internal.Parameters.handleParameters(Parameters.java:879)<br/>org.testng.internal.Parameters.handleParameters(Parameters.java:728)<br/>org.testng.internal.invokers.ParameterHandler.handleParameters(ParameterHandler.java:72)<br/>org.testng.internal.invokers.ParameterHandler.createParameters(ParameterHandler.java:51)<br/>org.testng.internal.invokers.TestInvoker$MethodInvocationAgent.invoke(TestInvoker.java:911)<br/>org.testng.internal.invokers.TestInvoker.invokeTestMethods(TestInvoker.java:200)<br/>org.testng.internal.invokers.TestMethodWorker.invokeTestMethods(TestMethodWorker.java:148)<br/>org.testng.internal.invokers.TestMethodWorker.run(TestMethodWorker.java:128)<br/>java.base/java.util.ArrayList.forEach(ArrayList.java:1511)<br/>org.testng.TestRunner.privateRun(TestRunner.java:848)<br/>org.testng.TestRunner.run(TestRunner.java:621)<br/>org.testng.SuiteRunner.runTest(SuiteRunner.java:443)<br/>org.testng.SuiteRunner.runSequentially(SuiteRunner.java:437)<br/>org.testng.SuiteRunner.privateRun(SuiteRunner.java:397)<br/>org.testng.SuiteRunner.run(SuiteRunner.java:336)<br/>org.testng.SuiteRunnerWorker.runSuite(SuiteRunnerWorker.java:52)<br/>org.testng.SuiteRunnerWorker.run(SuiteRunnerWorker.java:95)<br/>org.testng.TestNG.runSuitesSequentially(TestNG.java:1280)<br/>org.testng.TestNG.runSuitesLocally(TestNG.java:1200)<br/>org.testng.TestNG.runSuites(TestNG.java:1114)<br/>org.testng.TestNG.run(TestNG.java:1082)<br/>com.intellij.rt.testng.IDEARemoteTestNG.run(IDEARemoteTestNG.java:66)<br/>com.intellij.rt.testng.RemoteTestNGStarter.main(RemoteTestNGStarter.java:105)</div></td><td align='center' style='border-style: solid; border-width: 1px; border-color: white; padding: 5px; color: white;'><a target='_blank' href='' style='color: white;'>Logs</a></td></tr></table></div></div>