[2023-07-25 03:08:33] [1] [INFO] 
============= Basic configuration =============
env=DEMO
=========== Encryptor configuration ===========
crypto_key_value=*****
=========== WebDriver configuration ===========
url=https://www.gsmarena.com
selenium_url=http://localhost:4444/wd/hub
auto_screenshot=true
localization_encoding=UTF-8
language=en_US
-------------- Driver capabilities ------------
browserName=chrome
===============================================

[2023-07-25 03:08:33] [1] [WARN] Reporting disabled: using no op test run registrar
[2023-07-25 03:08:36] [1] [INFO] [TestNG] Running:
  /Users/payalmokal/Library/Caches/JetBrains/IdeaIC2023.1/temp-testng-customsuite.xml

[2023-07-25 03:08:36] [1] [INFO] Set thread-count=1
[2023-07-25 03:08:36] [1] [INFO] Set data-provider-thread-count=1
[2023-07-25 03:08:36] [1] [INFO] CARINA_CORE_VERSION: 1.1.3
[2023-07-25 03:08:37] [1] [ERROR] TEST [carina-qa - pause] FAILED at [11:08:37 2023-07-25] - 
Cannot inject @Test annotated Method [pause] with [class java.lang.Double].
For more information on native dependency injection please refer to https://testng.org/doc/documentation-main.html#native-dependency-injection

org.testng.internal.Parameters.checkParameterTypes(Parameters.java:436)
org.testng.internal.Parameters.createParametersForMethod(Parameters.java:350)
org.testng.internal.Parameters.createParameters(Parameters.java:693)
org.testng.internal.Parameters.handleParameters(Parameters.java:879)
org.testng.internal.Parameters.handleParameters(Parameters.java:728)
org.testng.internal.invokers.ParameterHandler.handleParameters(ParameterHandler.java:72)
org.testng.internal.invokers.ParameterHandler.createParameters(ParameterHandler.java:51)
org.testng.internal.invokers.TestInvoker$MethodInvocationAgent.invoke(TestInvoker.java:911)
org.testng.internal.invokers.TestInvoker.invokeTestMethods(TestInvoker.java:200)
org.testng.internal.invokers.TestMethodWorker.invokeTestMethods(TestMethodWorker.java:148)
org.testng.internal.invokers.TestMethodWorker.run(TestMethodWorker.java:128)
java.base/java.util.ArrayList.forEach(ArrayList.java:1511)
org.testng.TestRunner.privateRun(TestRunner.java:848)
org.testng.TestRunner.run(TestRunner.java:621)
org.testng.SuiteRunner.runTest(SuiteRunner.java:443)
org.testng.SuiteRunner.runSequentially(SuiteRunner.java:437)
org.testng.SuiteRunner.privateRun(SuiteRunner.java:397)
org.testng.SuiteRunner.run(SuiteRunner.java:336)
org.testng.SuiteRunnerWorker.runSuite(SuiteRunnerWorker.java:52)
org.testng.SuiteRunnerWorker.run(SuiteRunnerWorker.java:95)
org.testng.TestNG.runSuitesSequentially(TestNG.java:1280)
org.testng.TestNG.runSuitesLocally(TestNG.java:1200)
org.testng.TestNG.runSuites(TestNG.java:1114)
org.testng.TestNG.run(TestNG.java:1082)
com.intellij.rt.testng.IDEARemoteTestNG.run(IDEARemoteTestNG.java:66)
com.intellij.rt.testng.RemoteTestNGStarter.main(RemoteTestNGStarter.java:105)
[2023-07-25 03:08:37] [1] [ERROR] TEST [carina-qa - pause] FAILED at [11:08:37 2023-07-25] - 
Cannot inject @Test annotated Method [pause] with [long].
For more information on native dependency injection please refer to https://testng.org/doc/documentation-main.html#native-dependency-injection

org.testng.internal.Parameters.checkParameterTypes(Parameters.java:436)
org.testng.internal.Parameters.createParametersForMethod(Parameters.java:350)
org.testng.internal.Parameters.createParameters(Parameters.java:693)
org.testng.internal.Parameters.handleParameters(Parameters.java:879)
org.testng.internal.Parameters.handleParameters(Parameters.java:728)
org.testng.internal.invokers.ParameterHandler.handleParameters(ParameterHandler.java:72)
org.testng.internal.invokers.ParameterHandler.createParameters(ParameterHandler.java:51)
org.testng.internal.invokers.TestInvoker$MethodInvocationAgent.invoke(TestInvoker.java:911)
org.testng.internal.invokers.TestInvoker.invokeTestMethods(TestInvoker.java:200)
org.testng.internal.invokers.TestMethodWorker.invokeTestMethods(TestMethodWorker.java:148)
org.testng.internal.invokers.TestMethodWorker.run(TestMethodWorker.java:128)
java.base/java.util.ArrayList.forEach(ArrayList.java:1511)
org.testng.TestRunner.privateRun(TestRunner.java:848)
org.testng.TestRunner.run(TestRunner.java:621)
org.testng.SuiteRunner.runTest(SuiteRunner.java:443)
org.testng.SuiteRunner.runSequentially(SuiteRunner.java:437)
org.testng.SuiteRunner.privateRun(SuiteRunner.java:397)
org.testng.SuiteRunner.run(SuiteRunner.java:336)
org.testng.SuiteRunnerWorker.runSuite(SuiteRunnerWorker.java:52)
org.testng.SuiteRunnerWorker.run(SuiteRunnerWorker.java:95)
org.testng.TestNG.runSuitesSequentially(TestNG.java:1280)
org.testng.TestNG.runSuitesLocally(TestNG.java:1200)
org.testng.TestNG.runSuites(TestNG.java:1114)
org.testng.TestNG.run(TestNG.java:1082)
com.intellij.rt.testng.IDEARemoteTestNG.run(IDEARemoteTestNG.java:66)
com.intellij.rt.testng.RemoteTestNGStarter.main(RemoteTestNGStarter.java:105)
[2023-07-25 03:08:37] [1] [ERROR] TEST [carina-qa - skipExecution] FAILED at [11:08:37 2023-07-25] - 
Cannot inject @Test annotated Method [skipExecution] with [class java.lang.String].
For more information on native dependency injection please refer to https://testng.org/doc/documentation-main.html#native-dependency-injection

org.testng.internal.Parameters.checkParameterTypes(Parameters.java:436)
org.testng.internal.Parameters.createParametersForMethod(Parameters.java:350)
org.testng.internal.Parameters.createParameters(Parameters.java:693)
org.testng.internal.Parameters.handleParameters(Parameters.java:879)
org.testng.internal.Parameters.handleParameters(Parameters.java:728)
org.testng.internal.invokers.ParameterHandler.handleParameters(ParameterHandler.java:72)
org.testng.internal.invokers.ParameterHandler.createParameters(ParameterHandler.java:51)
org.testng.internal.invokers.TestInvoker$MethodInvocationAgent.invoke(TestInvoker.java:911)
org.testng.internal.invokers.TestInvoker.invokeTestMethods(TestInvoker.java:200)
org.testng.internal.invokers.TestMethodWorker.invokeTestMethods(TestMethodWorker.java:148)
org.testng.internal.invokers.TestMethodWorker.run(TestMethodWorker.java:128)
java.base/java.util.ArrayList.forEach(ArrayList.java:1511)
org.testng.TestRunner.privateRun(TestRunner.java:848)
org.testng.TestRunner.run(TestRunner.java:621)
org.testng.SuiteRunner.runTest(SuiteRunner.java:443)
org.testng.SuiteRunner.runSequentially(SuiteRunner.java:437)
org.testng.SuiteRunner.privateRun(SuiteRunner.java:397)
org.testng.SuiteRunner.run(SuiteRunner.java:336)
org.testng.SuiteRunnerWorker.runSuite(SuiteRunnerWorker.java:52)
org.testng.SuiteRunnerWorker.run(SuiteRunnerWorker.java:95)
org.testng.TestNG.runSuitesSequentially(TestNG.java:1280)
org.testng.TestNG.runSuitesLocally(TestNG.java:1200)
org.testng.TestNG.runSuites(TestNG.java:1114)
org.testng.TestNG.run(TestNG.java:1082)
com.intellij.rt.testng.IDEARemoteTestNG.run(IDEARemoteTestNG.java:66)
com.intellij.rt.testng.RemoteTestNGStarter.main(RemoteTestNGStarter.java:105)
[2023-07-25 03:08:37] [1] [ERROR] TEST [carina-qa - setCases] FAILED at [11:08:37 2023-07-25] - 
Cannot inject @Test annotated Method [setCases] with [class [Ljava.lang.String;].
For more information on native dependency injection please refer to https://testng.org/doc/documentation-main.html#native-dependency-injection

org.testng.internal.Parameters.checkParameterTypes(Parameters.java:436)
org.testng.internal.Parameters.createParametersForMethod(Parameters.java:350)
org.testng.internal.Parameters.createParameters(Parameters.java:693)
org.testng.internal.Parameters.handleParameters(Parameters.java:879)
org.testng.internal.Parameters.handleParameters(Parameters.java:728)
org.testng.internal.invokers.ParameterHandler.handleParameters(ParameterHandler.java:72)
org.testng.internal.invokers.ParameterHandler.createParameters(ParameterHandler.java:51)
org.testng.internal.invokers.TestInvoker$MethodInvocationAgent.invoke(TestInvoker.java:911)
org.testng.internal.invokers.TestInvoker.invokeTestMethods(TestInvoker.java:200)
org.testng.internal.invokers.TestMethodWorker.invokeTestMethods(TestMethodWorker.java:148)
org.testng.internal.invokers.TestMethodWorker.run(TestMethodWorker.java:128)
java.base/java.util.ArrayList.forEach(ArrayList.java:1511)
org.testng.TestRunner.privateRun(TestRunner.java:848)
org.testng.TestRunner.run(TestRunner.java:621)
org.testng.SuiteRunner.runTest(SuiteRunner.java:443)
org.testng.SuiteRunner.runSequentially(SuiteRunner.java:437)
org.testng.SuiteRunner.privateRun(SuiteRunner.java:397)
org.testng.SuiteRunner.run(SuiteRunner.java:336)
org.testng.SuiteRunnerWorker.runSuite(SuiteRunnerWorker.java:52)
org.testng.SuiteRunnerWorker.run(SuiteRunnerWorker.java:95)
org.testng.TestNG.runSuitesSequentially(TestNG.java:1280)
org.testng.TestNG.runSuitesLocally(TestNG.java:1200)
org.testng.TestNG.runSuites(TestNG.java:1114)
org.testng.TestNG.run(TestNG.java:1082)
com.intellij.rt.testng.IDEARemoteTestNG.run(IDEARemoteTestNG.java:66)
com.intellij.rt.testng.RemoteTestNGStarter.main(RemoteTestNGStarter.java:105)
[2023-07-25 03:08:37] [1] [ERROR] TEST [carina-qa - quitDriver] FAILED at [11:08:37 2023-07-25] - 
Cannot inject @Test annotated Method [quitDriver] with [class java.lang.String].
For more information on native dependency injection please refer to https://testng.org/doc/documentation-main.html#native-dependency-injection

org.testng.internal.Parameters.checkParameterTypes(Parameters.java:436)
org.testng.internal.Parameters.createParametersForMethod(Parameters.java:350)
org.testng.internal.Parameters.createParameters(Parameters.java:693)
org.testng.internal.Parameters.handleParameters(Parameters.java:879)
org.testng.internal.Parameters.handleParameters(Parameters.java:728)
org.testng.internal.invokers.ParameterHandler.handleParameters(ParameterHandler.java:72)
org.testng.internal.invokers.ParameterHandler.createParameters(ParameterHandler.java:51)
org.testng.internal.invokers.TestInvoker$MethodInvocationAgent.invoke(TestInvoker.java:911)
org.testng.internal.invokers.TestInvoker.invokeTestMethods(TestInvoker.java:200)
org.testng.internal.invokers.TestMethodWorker.invokeTestMethods(TestMethodWorker.java:148)
org.testng.internal.invokers.TestMethodWorker.run(TestMethodWorker.java:128)
java.base/java.util.ArrayList.forEach(ArrayList.java:1511)
org.testng.TestRunner.privateRun(TestRunner.java:848)
org.testng.TestRunner.run(TestRunner.java:621)
org.testng.SuiteRunner.runTest(SuiteRunner.java:443)
org.testng.SuiteRunner.runSequentially(SuiteRunner.java:437)
org.testng.SuiteRunner.privateRun(SuiteRunner.java:397)
org.testng.SuiteRunner.run(SuiteRunner.java:336)
org.testng.SuiteRunnerWorker.runSuite(SuiteRunnerWorker.java:52)
org.testng.SuiteRunnerWorker.run(SuiteRunnerWorker.java:95)
org.testng.TestNG.runSuitesSequentially(TestNG.java:1280)
org.testng.TestNG.runSuitesLocally(TestNG.java:1200)
org.testng.TestNG.runSuites(TestNG.java:1114)
org.testng.TestNG.run(TestNG.java:1082)
com.intellij.rt.testng.IDEARemoteTestNG.run(IDEARemoteTestNG.java:66)
com.intellij.rt.testng.RemoteTestNGStarter.main(RemoteTestNGStarter.java:105)
[2023-07-25 03:08:37] [1] [ERROR] TEST [carina-qa - quitDrivers] FAILED at [11:08:37 2023-07-25] - 
Cannot inject @Test annotated Method [quitDrivers] with [class [Lcom.zebrunner.carina.webdriver.TestPhase$Phase;].
For more information on native dependency injection please refer to https://testng.org/doc/documentation-main.html#native-dependency-injection

org.testng.internal.Parameters.checkParameterTypes(Parameters.java:436)
org.testng.internal.Parameters.createParametersForMethod(Parameters.java:350)
org.testng.internal.Parameters.createParameters(Parameters.java:693)
org.testng.internal.Parameters.handleParameters(Parameters.java:879)
org.testng.internal.Parameters.handleParameters(Parameters.java:728)
org.testng.internal.invokers.ParameterHandler.handleParameters(ParameterHandler.java:72)
org.testng.internal.invokers.ParameterHandler.createParameters(ParameterHandler.java:51)
org.testng.internal.invokers.TestInvoker$MethodInvocationAgent.invoke(TestInvoker.java:911)
org.testng.internal.invokers.TestInvoker.invokeTestMethods(TestInvoker.java:200)
org.testng.internal.invokers.TestMethodWorker.invokeTestMethods(TestMethodWorker.java:148)
org.testng.internal.invokers.TestMethodWorker.run(TestMethodWorker.java:128)
java.base/java.util.ArrayList.forEach(ArrayList.java:1511)
org.testng.TestRunner.privateRun(TestRunner.java:848)
org.testng.TestRunner.run(TestRunner.java:621)
org.testng.SuiteRunner.runTest(SuiteRunner.java:443)
org.testng.SuiteRunner.runSequentially(SuiteRunner.java:437)
org.testng.SuiteRunner.privateRun(SuiteRunner.java:397)
org.testng.SuiteRunner.run(SuiteRunner.java:336)
org.testng.SuiteRunnerWorker.runSuite(SuiteRunnerWorker.java:52)
org.testng.SuiteRunnerWorker.run(SuiteRunnerWorker.java:95)
org.testng.TestNG.runSuitesSequentially(TestNG.java:1280)
org.testng.TestNG.runSuitesLocally(TestNG.java:1200)
org.testng.TestNG.runSuites(TestNG.java:1114)
org.testng.TestNG.run(TestNG.java:1082)
com.intellij.rt.testng.IDEARemoteTestNG.run(IDEARemoteTestNG.java:66)
com.intellij.rt.testng.RemoteTestNGStarter.main(RemoteTestNGStarter.java:105)
[2023-07-25 03:08:37] [1] [ERROR] TEST [carina-qa - setCapabilities] FAILED at [11:08:37 2023-07-25] - 
Cannot inject @Test annotated Method [setCapabilities] with [class org.openqa.selenium.MutableCapabilities].
For more information on native dependency injection please refer to https://testng.org/doc/documentation-main.html#native-dependency-injection

org.testng.internal.Parameters.checkParameterTypes(Parameters.java:436)
org.testng.internal.Parameters.createParametersForMethod(Parameters.java:350)
org.testng.internal.Parameters.createParameters(Parameters.java:693)
org.testng.internal.Parameters.handleParameters(Parameters.java:879)
org.testng.internal.Parameters.handleParameters(Parameters.java:728)
org.testng.internal.invokers.ParameterHandler.handleParameters(ParameterHandler.java:72)
org.testng.internal.invokers.ParameterHandler.createParameters(ParameterHandler.java:51)
org.testng.internal.invokers.TestInvoker$MethodInvocationAgent.invoke(TestInvoker.java:911)
org.testng.internal.invokers.TestInvoker.invokeTestMethods(TestInvoker.java:200)
org.testng.internal.invokers.TestMethodWorker.invokeTestMethods(TestMethodWorker.java:148)
org.testng.internal.invokers.TestMethodWorker.run(TestMethodWorker.java:128)
java.base/java.util.ArrayList.forEach(ArrayList.java:1511)
org.testng.TestRunner.privateRun(TestRunner.java:848)
org.testng.TestRunner.run(TestRunner.java:621)
org.testng.SuiteRunner.runTest(SuiteRunner.java:443)
org.testng.SuiteRunner.runSequentially(SuiteRunner.java:437)
org.testng.SuiteRunner.privateRun(SuiteRunner.java:397)
org.testng.SuiteRunner.run(SuiteRunner.java:336)
org.testng.SuiteRunnerWorker.runSuite(SuiteRunnerWorker.java:52)
org.testng.SuiteRunnerWorker.run(SuiteRunnerWorker.java:95)
org.testng.TestNG.runSuitesSequentially(TestNG.java:1280)
org.testng.TestNG.runSuitesLocally(TestNG.java:1200)
org.testng.TestNG.runSuites(TestNG.java:1114)
org.testng.TestNG.run(TestNG.java:1082)
com.intellij.rt.testng.IDEARemoteTestNG.run(IDEARemoteTestNG.java:66)
com.intellij.rt.testng.RemoteTestNGStarter.main(RemoteTestNGStarter.java:105)
[2023-07-25 03:08:37] [1] [INFO] INFO: '**************** Test execution summary ****************'.
[2023-07-25 03:08:37] [1] [INFO] RESULT #1: TEST [carina-qa - signInWithValidCredentials] FAIL [log=file:///Users/payalmokal/Documents/GitHub/carina-project1/carina-qa/./reports/1690297713436/d5f69a28-3648-47ea-bc76-e26eccf8c618/test.log]
[2023-07-25 03:08:37] [1] [INFO] RESULT #2: TEST [carina-qa - pause] FAIL [log=file:///Users/payalmokal/Documents/GitHub/carina-project1/carina-qa/./reports/1690297713436/1690297713436/test.log]
[2023-07-25 03:08:37] [1] [INFO] RESULT #3: TEST [carina-qa - skipExecution] FAIL [log=file:///Users/payalmokal/Documents/GitHub/carina-project1/carina-qa/./reports/1690297713436/1690297713436/test.log]
[2023-07-25 03:08:37] [1] [INFO] RESULT #4: TEST [carina-qa - clearCases] FAIL [log=file:///Users/payalmokal/Documents/GitHub/carina-project1/carina-qa/./reports/1690297713436/7eb3d57b-deed-4492-bb3a-9bf94dd5f2d7/test.log]
[2023-07-25 03:08:37] [1] [INFO] RESULT #5: TEST [carina-qa - setCases] FAIL [log=file:///Users/payalmokal/Documents/GitHub/carina-project1/carina-qa/./reports/1690297713436/1690297713436/test.log]
[2023-07-25 03:08:37] [1] [INFO] RESULT #6: TEST [carina-qa - quitDriver] FAIL [log=file:///Users/payalmokal/Documents/GitHub/carina-project1/carina-qa/./reports/1690297713436/1690297713436/test.log]
[2023-07-25 03:08:37] [1] [INFO] RESULT #7: TEST [carina-qa - quitDrivers] FAIL [log=file:///Users/payalmokal/Documents/GitHub/carina-project1/carina-qa/./reports/1690297713436/1690297713436/test.log]
[2023-07-25 03:08:37] [1] [INFO] RESULT #8: TEST [carina-qa - removeCapabilities] FAIL [log=file:///Users/payalmokal/Documents/GitHub/carina-project1/carina-qa/./reports/1690297713436/84cfc0b0-9a39-4a65-9e2f-c7c5c8559b0a/test.log]
[2023-07-25 03:08:37] [1] [INFO] RESULT #9: TEST [carina-qa - setCapabilities] FAIL [log=file:///Users/payalmokal/Documents/GitHub/carina-project1/carina-qa/./reports/1690297713436/1690297713436/test.log]
